Fri Sep 25 08:18:45 CDT 2015 Thread[main,5,main] Ignored duplicate property derby.module.resultSetStatisticsFactory in jar:file:/C:/Users/rwilkins/Documents/GitHub/floreantpos-1/lib/derby.jar!/org/apache/derby/modules.properties
Fri Sep 25 08:18:45 CDT 2015 Thread[main,5,main] Ignored duplicate property derby.module.NoneAuthentication in jar:file:/C:/Users/rwilkins/Documents/GitHub/floreantpos-1/lib/derby.jar!/org/apache/derby/modules.properties
Fri Sep 25 08:18:45 CDT 2015 Thread[main,5,main] Ignored duplicate property derby.env.classes.jdbc169 in jar:file:/C:/Users/rwilkins/Documents/GitHub/floreantpos-1/lib/derby.jar!/org/apache/derby/modules.properties
Fri Sep 25 08:18:45 CDT 2015 Thread[main,5,main] Ignored duplicate property derby.module.rawStore.log.readonly in jar:file:/C:/Users/rwilkins/Documents/GitHub/floreantpos-1/lib/derby.jar!/org/apache/derby/modules.properties
Fri Sep 25 08:18:45 CDT 2015 Thread[main,5,main] Ignored duplicate property derby.module.resourceAdapterJ2 in jar:file:/C:/Users/rwilkins/Documents/GitHub/floreantpos-1/lib/derby.jar!/org/apache/derby/modules.properties
Fri Sep 25 08:18:45 CDT 2015 Thread[main,5,main] Ignored duplicate property derby.module.validation in jar:file:/C:/Users/rwilkins/Documents/GitHub/floreantpos-1/lib/derby.jar!/org/apache/derby/modules.properties
Fri Sep 25 08:18:45 CDT 2015 Thread[main,5,main] Ignored duplicate property derby.module.lcf in jar:file:/C:/Users/rwilkins/Documents/GitHub/floreantpos-1/lib/derby.jar!/org/apache/derby/modules.properties
Fri Sep 25 08:18:45 CDT 2015 Thread[main,5,main] Ignored duplicate property derby.module.optimizer in jar:file:/C:/Users/rwilkins/Documents/GitHub/floreantpos-1/lib/derby.jar!/org/apache/derby/modules.properties
Fri Sep 25 08:18:45 CDT 2015 Thread[main,5,main] Ignored duplicate property derby.module.jdbcJ4 in jar:file:/C:/Users/rwilkins/Documents/GitHub/floreantpos-1/lib/derby.jar!/org/apache/derby/modules.properties
Fri Sep 25 08:18:45 CDT 2015 Thread[main,5,main] Ignored duplicate property derby.module.javaCompiler in jar:file:/C:/Users/rwilkins/Documents/GitHub/floreantpos-1/lib/derby.jar!/org/apache/derby/modules.properties
Fri Sep 25 08:18:45 CDT 2015 Thread[main,5,main] Ignored duplicate property derby.module.tcf in jar:file:/C:/Users/rwilkins/Documents/GitHub/floreantpos-1/lib/derby.jar!/org/apache/derby/modules.properties
Fri Sep 25 08:18:45 CDT 2015 Thread[main,5,main] Ignored duplicate property derby.module.dataDictionary in jar:file:/C:/Users/rwilkins/Documents/GitHub/floreantpos-1/lib/derby.jar!/org/apache/derby/modules.properties
Fri Sep 25 08:18:45 CDT 2015 Thread[main,5,main] Ignored duplicate property derby.module.ef in jar:file:/C:/Users/rwilkins/Documents/GitHub/floreantpos-1/lib/derby.jar!/org/apache/derby/modules.properties
Fri Sep 25 08:18:45 CDT 2015 Thread[main,5,main] Ignored duplicate property derby.module.dvfJ2 in jar:file:/C:/Users/rwilkins/Documents/GitHub/floreantpos-1/lib/derby.jar!/org/apache/derby/modules.properties
Fri Sep 25 08:18:45 CDT 2015 Thread[main,5,main] Ignored duplicate property derby.module.daemon in jar:file:/C:/Users/rwilkins/Documents/GitHub/floreantpos-1/lib/derby.jar!/org/apache/derby/modules.properties
Fri Sep 25 08:18:45 CDT 2015 Thread[main,5,main] Ignored duplicate property derby.module.dvfCDC in jar:file:/C:/Users/rwilkins/Documents/GitHub/floreantpos-1/lib/derby.jar!/org/apache/derby/modules.properties
Fri Sep 25 08:18:45 CDT 2015 Thread[main,5,main] Ignored duplicate property derby.module.basicAuthentication in jar:file:/C:/Users/rwilkins/Documents/GitHub/floreantpos-1/lib/derby.jar!/org/apache/derby/modules.properties
Fri Sep 25 08:18:45 CDT 2015 Thread[main,5,main] Ignored duplicate property derby.env.classes.JNDIAuthentication in jar:file:/C:/Users/rwilkins/Documents/GitHub/floreantpos-1/lib/derby.jar!/org/apache/derby/modules.properties
Fri Sep 25 08:18:45 CDT 2015 Thread[main,5,main] Ignored duplicate property derby.module.database in jar:file:/C:/Users/rwilkins/Documents/GitHub/floreantpos-1/lib/derby.jar!/org/apache/derby/modules.properties
Fri Sep 25 08:18:45 CDT 2015 Thread[main,5,main] Ignored duplicate property derby.module.streams in jar:file:/C:/Users/rwilkins/Documents/GitHub/floreantpos-1/lib/derby.jar!/org/apache/derby/modules.properties
Fri Sep 25 08:18:45 CDT 2015 Thread[main,5,main] Ignored duplicate property derby.env.classes.dvfJ2 in jar:file:/C:/Users/rwilkins/Documents/GitHub/floreantpos-1/lib/derby.jar!/org/apache/derby/modules.properties
Fri Sep 25 08:18:45 CDT 2015 Thread[main,5,main] Ignored duplicate property derby.env.jdk.cryptographyJ2 in jar:file:/C:/Users/rwilkins/Documents/GitHub/floreantpos-1/lib/derby.jar!/org/apache/derby/modules.properties
Fri Sep 25 08:18:45 CDT 2015 Thread[main,5,main] Ignored duplicate property derby.module.access.sort in jar:file:/C:/Users/rwilkins/Documents/GitHub/floreantpos-1/lib/derby.jar!/org/apache/derby/modules.properties
Fri Sep 25 08:18:45 CDT 2015 Thread[main,5,main] Ignored duplicate property derby.module.nodeFactory in jar:file:/C:/Users/rwilkins/Documents/GitHub/floreantpos-1/lib/derby.jar!/org/apache/derby/modules.properties
Fri Sep 25 08:18:45 CDT 2015 Thread[main,5,main] Ignored duplicate property derby.env.classes.cryptographyJ2 in jar:file:/C:/Users/rwilkins/Documents/GitHub/floreantpos-1/lib/derby.jar!/org/apache/derby/modules.properties
Fri Sep 25 08:18:45 CDT 2015 Thread[main,5,main] Ignored duplicate property derby.env.classes.jdbcJ4 in jar:file:/C:/Users/rwilkins/Documents/GitHub/floreantpos-1/lib/derby.jar!/org/apache/derby/modules.properties
Fri Sep 25 08:18:45 CDT 2015 Thread[main,5,main] Ignored duplicate property derby.module.cryptographyJ2 in jar:file:/C:/Users/rwilkins/Documents/GitHub/floreantpos-1/lib/derby.jar!/org/apache/derby/modules.properties
Fri Sep 25 08:18:45 CDT 2015 Thread[main,5,main] Ignored duplicate property derby.module.specificAuthentication in jar:file:/C:/Users/rwilkins/Documents/GitHub/floreantpos-1/lib/derby.jar!/org/apache/derby/modules.properties
Fri Sep 25 08:18:45 CDT 2015 Thread[main,5,main] Ignored duplicate property derby.module.netServer.autoStart in jar:file:/C:/Users/rwilkins/Documents/GitHub/floreantpos-1/lib/derby.jar!/org/apache/derby/modules.properties
Fri Sep 25 08:18:45 CDT 2015 Thread[main,5,main] Ignored duplicate property derby.env.jdk.jdbcJ4 in jar:file:/C:/Users/rwilkins/Documents/GitHub/floreantpos-1/lib/derby.jar!/org/apache/derby/modules.properties
Fri Sep 25 08:18:45 CDT 2015 Thread[main,5,main] Ignored duplicate property derby.module.classManagerJ2 in jar:file:/C:/Users/rwilkins/Documents/GitHub/floreantpos-1/lib/derby.jar!/org/apache/derby/modules.properties
Fri Sep 25 08:18:45 CDT 2015 Thread[main,5,main] Ignored duplicate property derby.module.JNDIAuthentication in jar:file:/C:/Users/rwilkins/Documents/GitHub/floreantpos-1/lib/derby.jar!/org/apache/derby/modules.properties
Fri Sep 25 08:18:45 CDT 2015 Thread[main,5,main] Ignored duplicate property derby.module.rawStore.log in jar:file:/C:/Users/rwilkins/Documents/GitHub/floreantpos-1/lib/derby.jar!/org/apache/derby/modules.properties
Fri Sep 25 08:18:45 CDT 2015 Thread[main,5,main] Ignored duplicate property derby.module.access.heap in jar:file:/C:/Users/rwilkins/Documents/GitHub/floreantpos-1/lib/derby.jar!/org/apache/derby/modules.properties
Fri Sep 25 08:18:45 CDT 2015 Thread[main,5,main] Ignored duplicate property derby.env.jdk.resourceAdapterJ2 in jar:file:/C:/Users/rwilkins/Documents/GitHub/floreantpos-1/lib/derby.jar!/org/apache/derby/modules.properties
Fri Sep 25 08:18:45 CDT 2015 Thread[main,5,main] Ignored duplicate property derby.module.jdbc169 in jar:file:/C:/Users/rwilkins/Documents/GitHub/floreantpos-1/lib/derby.jar!/org/apache/derby/modules.properties
Fri Sep 25 08:18:45 CDT 2015 Thread[main,5,main] Ignored duplicate property derby.env.classes.resourceAdapterJ2 in jar:file:/C:/Users/rwilkins/Documents/GitHub/floreantpos-1/lib/derby.jar!/org/apache/derby/modules.properties
Fri Sep 25 08:18:45 CDT 2015 Thread[main,5,main] Ignored duplicate property derby.module.access in jar:file:/C:/Users/rwilkins/Documents/GitHub/floreantpos-1/lib/derby.jar!/org/apache/derby/modules.properties
Fri Sep 25 08:18:45 CDT 2015 Thread[main,5,main] Ignored duplicate property derby.module.lf in jar:file:/C:/Users/rwilkins/Documents/GitHub/floreantpos-1/lib/derby.jar!/org/apache/derby/modules.properties
Fri Sep 25 08:18:45 CDT 2015 Thread[main,5,main] Ignored duplicate property derby.module.uuidJ1 in jar:file:/C:/Users/rwilkins/Documents/GitHub/floreantpos-1/lib/derby.jar!/org/apache/derby/modules.properties
Fri Sep 25 08:18:45 CDT 2015 Thread[main,5,main] Ignored duplicate property derby.module.access.btree in jar:file:/C:/Users/rwilkins/Documents/GitHub/floreantpos-1/lib/derby.jar!/org/apache/derby/modules.properties
Fri Sep 25 08:18:45 CDT 2015 Thread[main,5,main] Ignored duplicate property derby.module.rawStore in jar:file:/C:/Users/rwilkins/Documents/GitHub/floreantpos-1/lib/derby.jar!/org/apache/derby/modules.properties
----------------------------------------------------------------
Fri Sep 25 08:18:45 CDT 2015:
Booting Derby version The Apache Software Foundation - Apache Derby - 10.8.1.2 - (1095077): instance a816c00e-0150-04a7-eaa3-0000008cd988 
on database directory C:\Users\rwilkins\Documents\GitHub\floreantpos-1\database\derby-single\posdb  with class loader sun.misc.Launcher$AppClassLoader@647e05 
Loaded from file:/C:/Users/rwilkins/Documents/GitHub/floreantpos-1/lib/derby-10.8.1.2.jar
java.vendor=Oracle Corporation
java.runtime.version=1.8.0_40-b26
user.dir=C:\Users\rwilkins\Documents\GitHub\floreantpos-1
derby.system.home=null
